c:\users\clay\documents\github\fulllife-therpg-sdk2013\sp\src\utils\vrad\release\vc120.pdb
c:\users\clay\documents\github\fulllife-therpg-sdk2013\sp\src\utils\vrad\release\pointeroverride.obj
c:\users\clay\documents\school\2017-2018\ap computer science\projects\unit 10\fulllife-therpg-sdk2013\sp\src\utils\vrad\vrad_dll.vpc.sentinel
c:\users\clay\documents\github\fulllife-therpg-sdk2013\sp\src\utils\vrad\release\vrad_dll.dll
c:\users\clay\documents\github\fulllife-therpg-sdk2013\sp\src\utils\vrad\release\vrad_dll.pdb
c:\users\clay\documents\github\fulllife-therpg-sdk2013\sp\src\utils\vrad\release\vrad_dll.lib
c:\users\clay\documents\github\fulllife-therpg-sdk2013\sp\src\utils\vrad\release\vrad_dll.exp
c:\users\clay\documents\github\fulllife-therpg-sdk2013\sp\src\utils\vrad\release\bsplib.obj
c:\users\clay\documents\github\fulllife-therpg-sdk2013\sp\src\utils\vrad\release\bsptreedata.obj
c:\users\clay\documents\github\fulllife-therpg-sdk2013\sp\src\utils\vrad\release\builddisp.obj
c:\users\clay\documents\github\fulllife-therpg-sdk2013\sp\src\utils\vrad\release\chunkfile.obj
c:\users\clay\documents\github\fulllife-therpg-sdk2013\sp\src\utils\vrad\release\cmdlib.obj
c:\users\clay\documents\github\fulllife-therpg-sdk2013\sp\src\utils\vrad\release\collisionutils.obj
c:\users\clay\documents\github\fulllife-therpg-sdk2013\sp\src\utils\vrad\release\dispcoll_common.obj
c:\users\clay\documents\github\fulllife-therpg-sdk2013\sp\src\utils\vrad\release\disp_common.obj
c:\users\clay\documents\github\fulllife-therpg-sdk2013\sp\src\utils\vrad\release\disp_powerinfo.obj
c:\users\clay\documents\github\fulllife-therpg-sdk2013\sp\src\utils\vrad\release\disp_vrad.obj
c:\users\clay\documents\github\fulllife-therpg-sdk2013\sp\src\utils\vrad\release\filesystem_helpers.obj
c:\users\clay\documents\github\fulllife-therpg-sdk2013\sp\src\utils\vrad\release\imagepacker.obj
c:\users\clay\documents\github\fulllife-therpg-sdk2013\sp\src\utils\vrad\release\incremental.obj
c:\users\clay\documents\github\fulllife-therpg-sdk2013\sp\src\utils\vrad\release\leaf_ambient_lighting.obj
c:\users\clay\documents\github\fulllife-therpg-sdk2013\sp\src\utils\vrad\release\lightmap.obj
c:\users\clay\documents\github\fulllife-therpg-sdk2013\sp\src\utils\vrad\release\loadcmdline.obj
c:\users\clay\documents\github\fulllife-therpg-sdk2013\sp\src\utils\vrad\release\lumpfiles.obj
c:\users\clay\documents\github\fulllife-therpg-sdk2013\sp\src\utils\vrad\release\macro_texture.obj
c:\users\clay\documents\github\fulllife-therpg-sdk2013\sp\src\utils\vrad\release\map_shared.obj
c:\users\clay\documents\github\fulllife-therpg-sdk2013\sp\src\utils\vrad\release\memoverride.obj
c:\users\clay\documents\github\fulllife-therpg-sdk2013\sp\src\utils\vrad\release\mpivrad.obj
c:\users\clay\documents\github\fulllife-therpg-sdk2013\sp\src\utils\vrad\release\mpi_stats.obj
c:\users\clay\documents\github\fulllife-therpg-sdk2013\sp\src\utils\vrad\release\mysqldatabase.obj
c:\users\clay\documents\github\fulllife-therpg-sdk2013\sp\src\utils\vrad\release\pacifier.obj
c:\users\clay\documents\github\fulllife-therpg-sdk2013\sp\src\utils\vrad\release\physdll.obj
c:\users\clay\documents\github\fulllife-therpg-sdk2013\sp\src\utils\vrad\release\polylib.obj
c:\users\clay\documents\github\fulllife-therpg-sdk2013\sp\src\utils\vrad\release\radial.obj
c:\users\clay\documents\github\fulllife-therpg-sdk2013\sp\src\utils\vrad\release\samplehash.obj
c:\users\clay\documents\github\fulllife-therpg-sdk2013\sp\src\utils\vrad\release\scratchpad3d.obj
c:\users\clay\documents\github\fulllife-therpg-sdk2013\sp\src\utils\vrad\release\scratchpadutils.obj
c:\users\clay\documents\github\fulllife-therpg-sdk2013\sp\src\utils\vrad\release\scriplib.obj
c:\users\clay\documents\github\fulllife-therpg-sdk2013\sp\src\utils\vrad\release\threads.obj
c:\users\clay\documents\github\fulllife-therpg-sdk2013\sp\src\utils\vrad\release\tools_minidump.obj
c:\users\clay\documents\github\fulllife-therpg-sdk2013\sp\src\utils\vrad\release\trace.obj
c:\users\clay\documents\github\fulllife-therpg-sdk2013\sp\src\utils\vrad\release\utilmatlib.obj
c:\users\clay\documents\github\fulllife-therpg-sdk2013\sp\src\utils\vrad\release\vismat.obj
c:\users\clay\documents\github\fulllife-therpg-sdk2013\sp\src\utils\vrad\release\vmpi_tools_shared.obj
c:\users\clay\documents\github\fulllife-therpg-sdk2013\sp\src\utils\vrad\release\vrad.obj
c:\users\clay\documents\github\fulllife-therpg-sdk2013\sp\src\utils\vrad\release\vraddetailprops.obj
c:\users\clay\documents\github\fulllife-therpg-sdk2013\sp\src\utils\vrad\release\vraddisps.obj
c:\users\clay\documents\github\fulllife-therpg-sdk2013\sp\src\utils\vrad\release\vraddll.obj
c:\users\clay\documents\github\fulllife-therpg-sdk2013\sp\src\utils\vrad\release\vradstaticprops.obj
c:\users\clay\documents\github\fulllife-therpg-sdk2013\sp\src\utils\vrad\release\vrad_dispcoll.obj
c:\users\clay\documents\github\fulllife-therpg-sdk2013\sp\src\utils\vrad\release\zip_utils.obj
c:\users\clay\documents\github\fulllife-therpg-sdk2013\sp\src\utils\vrad\release\vrad_dll.tlog\cl.command.1.tlog
c:\users\clay\documents\github\fulllife-therpg-sdk2013\sp\src\utils\vrad\release\vrad_dll.tlog\cl.read.1.tlog
c:\users\clay\documents\github\fulllife-therpg-sdk2013\sp\src\utils\vrad\release\vrad_dll.tlog\cl.write.1.tlog
c:\users\clay\documents\github\fulllife-therpg-sdk2013\sp\src\utils\vrad\release\vrad_dll.tlog\custombuild.command.1.tlog
c:\users\clay\documents\github\fulllife-therpg-sdk2013\sp\src\utils\vrad\release\vrad_dll.tlog\custombuild.read.1.tlog
c:\users\clay\documents\github\fulllife-therpg-sdk2013\sp\src\utils\vrad\release\vrad_dll.tlog\custombuild.write.1.tlog
c:\users\clay\documents\github\fulllife-therpg-sdk2013\sp\src\utils\vrad\release\vrad_dll.tlog\link.command.1.tlog
c:\users\clay\documents\github\fulllife-therpg-sdk2013\sp\src\utils\vrad\release\vrad_dll.tlog\link.read.1.tlog
c:\users\clay\documents\github\fulllife-therpg-sdk2013\sp\src\utils\vrad\release\vrad_dll.tlog\link.write.1.tlog
c:\users\clay\documents\github\fulllife-therpg-sdk2013\sp\src\utils\vrad\release\vrad_dll.tlog\vrad_dll.write.1u.tlog
