c:\users\clay\documents\github\fulllife-therpg-sdk2013\sp\src\utils\qc_eyes\debug\qc_eyes.pch
c:\users\clay\documents\github\fulllife-therpg-sdk2013\sp\src\utils\qc_eyes\release\vc120.pdb
c:\users\clay\documents\github\fulllife-therpg-sdk2013\sp\src\utils\qc_eyes\release\stdafx.obj
c:\users\clay\documents\github\fulllife-therpg-sdk2013\sp\src\utils\qc_eyes\release\qc_eyesdlg.obj
c:\users\clay\documents\github\fulllife-therpg-sdk2013\sp\src\utils\qc_eyes\release\qc_eyes.obj
c:\users\clay\documents\github\fulllife-therpg-sdk2013\sp\src\utils\qc_eyes\release\pointeroverride.obj
c:\users\clay\documents\school\2017-2018\ap computer science\projects\unit 10\fulllife-therpg-sdk2013\sp\src\utils\qc_eyes\qc_eyes.vpc.sentinel
c:\users\clay\documents\github\fulllife-therpg-sdk2013\sp\src\utils\qc_eyes\release\qc_eyes.exe
c:\users\clay\documents\github\fulllife-therpg-sdk2013\sp\src\utils\qc_eyes\release\qc_eyes.pdb
c:\users\clay\documents\github\fulllife-therpg-sdk2013\sp\src\utils\qc_eyes\release\qc_eyes.res
c:\users\clay\documents\github\fulllife-therpg-sdk2013\sp\src\utils\qc_eyes\.\release\.\qc_eyes.exe
c:\users\clay\documents\github\fulllife-therpg-sdk2013\sp\src\utils\qc_eyes\release\qc_eyes.tlog\cl.command.1.tlog
c:\users\clay\documents\github\fulllife-therpg-sdk2013\sp\src\utils\qc_eyes\release\qc_eyes.tlog\cl.read.1.tlog
c:\users\clay\documents\github\fulllife-therpg-sdk2013\sp\src\utils\qc_eyes\release\qc_eyes.tlog\cl.write.1.tlog
c:\users\clay\documents\github\fulllife-therpg-sdk2013\sp\src\utils\qc_eyes\release\qc_eyes.tlog\custombuild.command.1.tlog
c:\users\clay\documents\github\fulllife-therpg-sdk2013\sp\src\utils\qc_eyes\release\qc_eyes.tlog\custombuild.read.1.tlog
c:\users\clay\documents\github\fulllife-therpg-sdk2013\sp\src\utils\qc_eyes\release\qc_eyes.tlog\custombuild.write.1.tlog
c:\users\clay\documents\github\fulllife-therpg-sdk2013\sp\src\utils\qc_eyes\release\qc_eyes.tlog\link.command.1.tlog
c:\users\clay\documents\github\fulllife-therpg-sdk2013\sp\src\utils\qc_eyes\release\qc_eyes.tlog\link.read.1.tlog
c:\users\clay\documents\github\fulllife-therpg-sdk2013\sp\src\utils\qc_eyes\release\qc_eyes.tlog\link.write.1.tlog
c:\users\clay\documents\github\fulllife-therpg-sdk2013\sp\src\utils\qc_eyes\release\qc_eyes.tlog\rc.command.1.tlog
c:\users\clay\documents\github\fulllife-therpg-sdk2013\sp\src\utils\qc_eyes\release\qc_eyes.tlog\rc.read.1.tlog
c:\users\clay\documents\github\fulllife-therpg-sdk2013\sp\src\utils\qc_eyes\release\qc_eyes.tlog\rc.write.1.tlog
