c:\users\clay\documents\github\fulllife-therpg-sdk2013\sp\src\utils\vice\debug\vc120.pdb
c:\users\clay\documents\github\fulllife-therpg-sdk2013\sp\src\utils\vice\debug\pointeroverride.obj
c:\users\clay\documents\github\fulllife-therpg-sdk2013\sp\src\utils\vice\vice.vpc.sentinel
c:\users\clay\documents\github\fulllife-therpg-sdk2013\sp\src\utils\vice\debug\vice.ilk
c:\users\clay\documents\github\fulllife-therpg-sdk2013\sp\src\utils\vice\debug\vice.exe
c:\users\clay\documents\github\fulllife-therpg-sdk2013\sp\src\utils\vice\debug\vice.pdb
c:\users\clay\documents\github\fulllife-therpg-sdk2013\sp\src\utils\vice\debug\vice.lib
c:\users\clay\documents\github\fulllife-therpg-sdk2013\sp\src\utils\vice\debug\vice.exp
c:\users\clay\documents\github\fulllife-therpg-sdk2013\sp\src\utils\vice\debug\cmdlib.obj
c:\users\clay\documents\github\fulllife-therpg-sdk2013\sp\src\utils\vice\debug\filesystem_helpers.obj
c:\users\clay\documents\github\fulllife-therpg-sdk2013\sp\src\utils\vice\debug\filesystem_init.obj
c:\users\clay\documents\github\fulllife-therpg-sdk2013\sp\src\utils\vice\debug\filesystem_tools.obj
c:\users\clay\documents\github\fulllife-therpg-sdk2013\sp\src\utils\vice\debug\memoverride.obj
c:\users\clay\documents\github\fulllife-therpg-sdk2013\sp\src\utils\vice\debug\vice.obj
c:\users\clay\documents\github\fulllife-therpg-sdk2013\sp\src\utils\vice\debug\vc120.idb
c:\users\clay\documents\github\fulllife-therpg-sdk2013\sp\src\utils\vice\.\debug\.\vice.exe
c:\users\clay\documents\github\fulllife-therpg-sdk2013\sp\src\utils\vice\debug\vice.tlog\cl.command.1.tlog
c:\users\clay\documents\github\fulllife-therpg-sdk2013\sp\src\utils\vice\debug\vice.tlog\cl.read.1.tlog
c:\users\clay\documents\github\fulllife-therpg-sdk2013\sp\src\utils\vice\debug\vice.tlog\cl.write.1.tlog
c:\users\clay\documents\github\fulllife-therpg-sdk2013\sp\src\utils\vice\debug\vice.tlog\custombuild.command.1.tlog
c:\users\clay\documents\github\fulllife-therpg-sdk2013\sp\src\utils\vice\debug\vice.tlog\custombuild.read.1.tlog
c:\users\clay\documents\github\fulllife-therpg-sdk2013\sp\src\utils\vice\debug\vice.tlog\custombuild.write.1.tlog
c:\users\clay\documents\github\fulllife-therpg-sdk2013\sp\src\utils\vice\debug\vice.tlog\link.command.1.tlog
c:\users\clay\documents\github\fulllife-therpg-sdk2013\sp\src\utils\vice\debug\vice.tlog\link.read.1.tlog
c:\users\clay\documents\github\fulllife-therpg-sdk2013\sp\src\utils\vice\debug\vice.tlog\link.write.1.tlog
c:\users\clay\documents\github\fulllife-therpg-sdk2013\sp\src\utils\vice\debug\vice.tlog\vice.write.1u.tlog
