Build started 2018-05-11 07:40:52.
     1>Project "C:\Users\Clay\Documents\School\2017-2018\AP Computer Science\Projects\Unit 10\FullLife-TheRPG-SDK2013\sp\src\utils\vvis_launcher\vvis_launcher.vcxproj" on node 5 (Rebuild target(s)).
     1>PreBuildEvent:
         if EXIST ..\..\..\game\bin\.\vvis.exe for /f "delims=" %%A in ('attrib "..\..\..\game\bin\.\vvis.exe"') do set valveTmpIsReadOnly="%%A"
         set valveTmpIsReadOnlyLetter=%valveTmpIsReadOnly:~6,1%
         if "%valveTmpIsReadOnlyLetter%"=="R" del /q "C:\Users\Clay\Documents\School\2017-2018\AP Computer Science\Projects\Unit 10\FullLife-TheRPG-SDK2013\sp\src\utils\vvis_launcher\Debug\"vvis.exe
         if exist "..\..\devtools\bin\vpc.exe" "..\..\devtools\bin\vpc.exe" -crc2 "vvis_launcher.vcxproj"
         if ERRORLEVEL 1 exit /b 1
         
         :VCEnd
       CustomBuild:
         Compiling pointeroverride.asm
          Assembling: C:\Users\Clay\Documents\School\2017-2018\AP Computer Science\Projects\Unit 10\FullLife-TheRPG-SDK2013\sp\src\public\tier0\pointeroverride.asm
         Microsoft (R) Macro Assembler Version 12.00.40629.0
         Copyright (C) Microsoft Corporation.  All rights reserved.
         
         Running VPC CRC Check - vvis_launcher.vpc
       ClCompile:
         C:\Program Files (x86)\Microsoft Visual Studio 12.0\VC\bin\CL.exe /c /I..\..\common /I..\..\public /I..\..\public\tier0 /I..\..\public\tier1 /I..\common /ZI /nologo /W4 /WX /MP /Od /Oy- /D VPC /D RAD_TELEMETRY_DISABLED /D _HAS_ITERATOR_DEBUGGING=0 /D WIN32 /D _WIN32 /D _DEBUG /D DEBUG /D _WINDOWS /D _CRT_SECURE_NO_DEPRECATE /D _CRT_NONSTDC_NO_DEPRECATE /D _ALLOW_RUNTIME_LIBRARY_MISMATCH /D _ALLOW_ITERATOR_DEBUG_LEVEL_MISMATCH /D _ALLOW_MSC_VER_MISMATCH /D _USING_V110_SDK71_ /D _MBCS /D COMPILER_MSVC32 /D COMPILER_MSVC32 /D COMPILER_MSVC /D EXENAME=vvis /D _DLL_EXT=.dll /D DEV_BUILD /D FRAME_POINTER_OMISSION_DISABLED /D _EXTERNAL_DLL_EXT=.dll /D VPCGAMECAPS=VALVE /D "PROJECTDIR=C:\Users\Clay\Documents\School\2017-2018\AP Computer Science\Projects\Unit 10\FullLife-TheRPG-SDK2013\sp\src\utils\vvis_launcher" /D _DLL_EXT=.dll /D VPCGAME=valve /D SOURCE1=1 /GF /Gm- /MTd /GS /arch:SSE /fp:fast /Zc:wchar_t /Zc:forScope /GR /openmp- /Yc"stdafx.h" /Fp"Debug/vvis_launcher.pch" /Fo".\Debug\.\/" /Fd".\Debug\.\/vc120.pdb" /Gd /TP /wd4316 /analyze- /FC /errorReport:prompt  /Gw StdAfx.cpp
         StdAfx.cpp
         C:\Program Files (x86)\Microsoft Visual Studio 12.0\VC\bin\CL.exe /c /I..\..\common /I..\..\public /I..\..\public\tier0 /I..\..\public\tier1 /I..\common /ZI /nologo /W4 /WX /MP /Od /Oy- /D VPC /D RAD_TELEMETRY_DISABLED /D _HAS_ITERATOR_DEBUGGING=0 /D WIN32 /D _WIN32 /D _DEBUG /D DEBUG /D _WINDOWS /D _CRT_SECURE_NO_DEPRECATE /D _CRT_NONSTDC_NO_DEPRECATE /D _ALLOW_RUNTIME_LIBRARY_MISMATCH /D _ALLOW_ITERATOR_DEBUG_LEVEL_MISMATCH /D _ALLOW_MSC_VER_MISMATCH /D _USING_V110_SDK71_ /D _MBCS /D COMPILER_MSVC32 /D COMPILER_MSVC32 /D COMPILER_MSVC /D EXENAME=vvis /D _DLL_EXT=.dll /D DEV_BUILD /D FRAME_POINTER_OMISSION_DISABLED /D _EXTERNAL_DLL_EXT=.dll /D VPCGAMECAPS=VALVE /D "PROJECTDIR=C:\Users\Clay\Documents\School\2017-2018\AP Computer Science\Projects\Unit 10\FullLife-TheRPG-SDK2013\sp\src\utils\vvis_launcher" /D _DLL_EXT=.dll /D VPCGAME=valve /D SOURCE1=1 /GF /Gm- /MTd /GS /arch:SSE /fp:fast /Zc:wchar_t /Zc:forScope /GR /openmp- /Fo".\Debug\.\/" /Fd".\Debug\.\/vc120.pdb" /Gd /TP /wd4316 /analyze- /FC /errorReport:prompt  /Gw ..\..\public\tier0\memoverride.cpp
         memoverride.cpp
         C:\Program Files (x86)\Microsoft Visual Studio 12.0\VC\bin\CL.exe /c /I..\..\common /I..\..\public /I..\..\public\tier0 /I..\..\public\tier1 /I..\common /ZI /nologo /W4 /WX /MP /Od /Oy- /D VPC /D RAD_TELEMETRY_DISABLED /D _HAS_ITERATOR_DEBUGGING=0 /D WIN32 /D _WIN32 /D _DEBUG /D DEBUG /D _WINDOWS /D _CRT_SECURE_NO_DEPRECATE /D _CRT_NONSTDC_NO_DEPRECATE /D _ALLOW_RUNTIME_LIBRARY_MISMATCH /D _ALLOW_ITERATOR_DEBUG_LEVEL_MISMATCH /D _ALLOW_MSC_VER_MISMATCH /D _USING_V110_SDK71_ /D _MBCS /D COMPILER_MSVC32 /D COMPILER_MSVC32 /D COMPILER_MSVC /D EXENAME=vvis /D _DLL_EXT=.dll /D DEV_BUILD /D FRAME_POINTER_OMISSION_DISABLED /D _EXTERNAL_DLL_EXT=.dll /D VPCGAMECAPS=VALVE /D "PROJECTDIR=C:\Users\Clay\Documents\School\2017-2018\AP Computer Science\Projects\Unit 10\FullLife-TheRPG-SDK2013\sp\src\utils\vvis_launcher" /D _DLL_EXT=.dll /D VPCGAME=valve /D SOURCE1=1 /GF /Gm- /MTd /GS /arch:SSE /fp:fast /Zc:wchar_t /Zc:forScope /GR /openmp- /Yu"stdafx.h" /Fp"Debug/vvis_launcher.pch" /Fo".\Debug\.\/" /Fd".\Debug\.\/vc120.pdb" /Gd /TP /wd4316 /analyze- /FC /errorReport:prompt  /Gw vvis_launcher.cpp
         vvis_launcher.cpp
       Link:
         C:\Program Files (x86)\Microsoft Visual Studio 12.0\VC\bin\link.exe /ERRORREPORT:PROMPT /OUT:".\Debug\.\\vvis.exe" /INCREMENTAL /NOLOGO shell32.lib user32.lib advapi32.lib gdi32.lib comdlg32.lib ole32.lib /NODEFAULTLIB:libc /NODEFAULTLIB:libcd /NODEFAULTLIB:libcmt /MANIFEST /MANIFESTUAC:"level='asInvoker' uiAccess='false'" /manifest:embed /DEBUG /PDB:".\Debug\.\/vvis.pdb" /SUBSYSTEM:CONSOLE,"5.01" /TLBID:1 /DYNAMICBASE:NO /NXCOMPAT /IMPLIB:".\Debug\.\vvis.lib" /MACHINE:X86 /SAFESEH:NO /NXCOMPAT /ignore:4221 .\Debug\.\\pointeroverride.obj
         .\Debug\.\/memoverride.obj
         .\Debug\.\/StdAfx.obj
         .\Debug\.\/vvis_launcher.obj
         ..\..\lib\public\tier0.lib
         ..\..\lib\public\tier1.lib
         ..\..\lib\public\vstdlib.lib
            Creating library .\Debug\.\vvis.lib and object .\Debug\.\vvis.exp
         vvis_launcher.vcxproj -> C:\Users\Clay\Documents\School\2017-2018\AP Computer Science\Projects\Unit 10\FullLife-TheRPG-SDK2013\sp\src\utils\vvis_launcher\.\Debug\.\vvis.exe
       PostBuildEvent:
         copy "C:\Users\Clay\Documents\School\2017-2018\AP Computer Science\Projects\Unit 10\FullLife-TheRPG-SDK2013\sp\src\utils\vvis_launcher\Debug\"vvis.exe ..\..\..\game\bin\.\vvis.exe >nul
         if ERRORLEVEL 1 goto BuildEventFailed
         if exist "C:\Users\Clay\Documents\School\2017-2018\AP Computer Science\Projects\Unit 10\FullLife-TheRPG-SDK2013\sp\src\utils\vvis_launcher\Debug\"vvis.map copy "C:\Users\Clay\Documents\School\2017-2018\AP Computer Science\Projects\Unit 10\FullLife-TheRPG-SDK2013\sp\src\utils\vvis_launcher\Debug\"vvis.map ..\..\..\game\bin\.\vvis.map >nul
         copy "C:\Users\Clay\Documents\School\2017-2018\AP Computer Science\Projects\Unit 10\FullLife-TheRPG-SDK2013\sp\src\utils\vvis_launcher\Debug\"vvis.pdb ..\..\..\game\bin\.\vvis.pdb >nul
         if ERRORLEVEL 1 goto BuildEventFailed
         goto BuildEventOK
         :BuildEventFailed
         echo *** ERROR! PostBuildStep FAILED for Vvis_launcher! EXE or DLL is probably running. ***
         del /q "C:\Users\Clay\Documents\School\2017-2018\AP Computer Science\Projects\Unit 10\FullLife-TheRPG-SDK2013\sp\src\utils\vvis_launcher\Debug\"vvis.exe
         exit 1
         :BuildEventOK
         
         :VCEnd
     1>Done Building Project "C:\Users\Clay\Documents\School\2017-2018\AP Computer Science\Projects\Unit 10\FullLife-TheRPG-SDK2013\sp\src\utils\vvis_launcher\vvis_launcher.vcxproj" (Rebuild target(s)).

Build succeeded.

Time Elapsed 00:00:07.31
