c:\users\zane\documents\github\full-life-the-rpg-source-sdk-2013-\sp\src\utils\vtf2tga\debug\vc120.pdb
c:\users\zane\documents\github\full-life-the-rpg-source-sdk-2013-\sp\src\utils\vtf2tga\debug\pointeroverride.obj
c:\users\zane\documents\github\full-life-the-rpg-source-sdk-2013-\sp\src\utils\vtf2tga\vtf2tga.vpc.sentinel
c:\users\zane\documents\github\full-life-the-rpg-source-sdk-2013-\sp\src\utils\vtf2tga\debug\vtf2tga.ilk
c:\users\zane\documents\github\full-life-the-rpg-source-sdk-2013-\sp\src\utils\vtf2tga\debug\vtf2tga.exe
c:\users\zane\documents\github\full-life-the-rpg-source-sdk-2013-\sp\src\utils\vtf2tga\debug\vtf2tga.pdb
c:\users\zane\documents\github\full-life-the-rpg-source-sdk-2013-\sp\src\utils\vtf2tga\debug\vtf2tga.lib
c:\users\zane\documents\github\full-life-the-rpg-source-sdk-2013-\sp\src\utils\vtf2tga\debug\vtf2tga.exp
c:\users\zane\documents\github\full-life-the-rpg-source-sdk-2013-\sp\src\utils\vtf2tga\debug\memoverride.obj
c:\users\zane\documents\github\full-life-the-rpg-source-sdk-2013-\sp\src\utils\vtf2tga\debug\vtf2tga.obj
c:\users\zane\documents\github\full-life-the-rpg-source-sdk-2013-\sp\src\utils\vtf2tga\debug\vc120.idb
c:\users\zane\documents\github\full-life-the-rpg-source-sdk-2013-\sp\src\utils\vtf2tga\.\debug\.\vtf2tga.exe
c:\users\zane\documents\github\full-life-the-rpg-source-sdk-2013-\sp\src\utils\vtf2tga\debug\vtf2tga.tlog\cl.command.1.tlog
c:\users\zane\documents\github\full-life-the-rpg-source-sdk-2013-\sp\src\utils\vtf2tga\debug\vtf2tga.tlog\cl.read.1.tlog
c:\users\zane\documents\github\full-life-the-rpg-source-sdk-2013-\sp\src\utils\vtf2tga\debug\vtf2tga.tlog\cl.write.1.tlog
c:\users\zane\documents\github\full-life-the-rpg-source-sdk-2013-\sp\src\utils\vtf2tga\debug\vtf2tga.tlog\custombuild.command.1.tlog
c:\users\zane\documents\github\full-life-the-rpg-source-sdk-2013-\sp\src\utils\vtf2tga\debug\vtf2tga.tlog\custombuild.read.1.tlog
c:\users\zane\documents\github\full-life-the-rpg-source-sdk-2013-\sp\src\utils\vtf2tga\debug\vtf2tga.tlog\custombuild.write.1.tlog
c:\users\zane\documents\github\full-life-the-rpg-source-sdk-2013-\sp\src\utils\vtf2tga\debug\vtf2tga.tlog\link.command.1.tlog
c:\users\zane\documents\github\full-life-the-rpg-source-sdk-2013-\sp\src\utils\vtf2tga\debug\vtf2tga.tlog\link.read.1.tlog
c:\users\zane\documents\github\full-life-the-rpg-source-sdk-2013-\sp\src\utils\vtf2tga\debug\vtf2tga.tlog\link.write.1.tlog
c:\users\zane\documents\github\full-life-the-rpg-source-sdk-2013-\sp\src\utils\vtf2tga\debug\vtf2tga.tlog\vtf2tga.write.1u.tlog
