c:\users\clay\documents\github\fulllife-therpg-sdk2013\sp\src\utils\vtf2tga\release\vc120.pdb
c:\users\clay\documents\github\fulllife-therpg-sdk2013\sp\src\utils\vtf2tga\release\pointeroverride.obj
c:\users\clay\documents\school\2017-2018\ap computer science\projects\unit 10\fulllife-therpg-sdk2013\sp\src\utils\vtf2tga\vtf2tga.vpc.sentinel
c:\users\clay\documents\github\fulllife-therpg-sdk2013\sp\src\utils\vtf2tga\release\vtf2tga.exe
c:\users\clay\documents\github\fulllife-therpg-sdk2013\sp\src\utils\vtf2tga\release\vtf2tga.pdb
c:\users\clay\documents\github\fulllife-therpg-sdk2013\sp\src\utils\vtf2tga\release\vtf2tga.lib
c:\users\clay\documents\github\fulllife-therpg-sdk2013\sp\src\utils\vtf2tga\release\vtf2tga.exp
c:\users\clay\documents\github\fulllife-therpg-sdk2013\sp\src\utils\vtf2tga\release\memoverride.obj
c:\users\clay\documents\github\fulllife-therpg-sdk2013\sp\src\utils\vtf2tga\release\vtf2tga.obj
c:\users\clay\documents\github\fulllife-therpg-sdk2013\sp\src\utils\vtf2tga\.\release\.\vtf2tga.exe
c:\users\clay\documents\github\fulllife-therpg-sdk2013\sp\src\utils\vtf2tga\release\vtf2tga.tlog\cl.command.1.tlog
c:\users\clay\documents\github\fulllife-therpg-sdk2013\sp\src\utils\vtf2tga\release\vtf2tga.tlog\cl.read.1.tlog
c:\users\clay\documents\github\fulllife-therpg-sdk2013\sp\src\utils\vtf2tga\release\vtf2tga.tlog\cl.write.1.tlog
c:\users\clay\documents\github\fulllife-therpg-sdk2013\sp\src\utils\vtf2tga\release\vtf2tga.tlog\custombuild.command.1.tlog
c:\users\clay\documents\github\fulllife-therpg-sdk2013\sp\src\utils\vtf2tga\release\vtf2tga.tlog\custombuild.read.1.tlog
c:\users\clay\documents\github\fulllife-therpg-sdk2013\sp\src\utils\vtf2tga\release\vtf2tga.tlog\custombuild.write.1.tlog
c:\users\clay\documents\github\fulllife-therpg-sdk2013\sp\src\utils\vtf2tga\release\vtf2tga.tlog\link.command.1.tlog
c:\users\clay\documents\github\fulllife-therpg-sdk2013\sp\src\utils\vtf2tga\release\vtf2tga.tlog\link.read.1.tlog
c:\users\clay\documents\github\fulllife-therpg-sdk2013\sp\src\utils\vtf2tga\release\vtf2tga.tlog\link.write.1.tlog
c:\users\clay\documents\github\fulllife-therpg-sdk2013\sp\src\utils\vtf2tga\release\vtf2tga.tlog\vtf2tga.write.1u.tlog
