c:\users\clay\documents\github\fulllife-therpg-sdk2013\sp\src\utils\captioncompiler\release\captioncompiler.lib
c:\users\clay\documents\github\fulllife-therpg-sdk2013\sp\src\utils\captioncompiler\release\captioncompiler.exp
c:\users\clay\documents\github\fulllife-therpg-sdk2013\sp\src\utils\captioncompiler\release\vc120.pdb
c:\users\clay\documents\github\fulllife-therpg-sdk2013\sp\src\utils\captioncompiler\release\pointeroverride.obj
c:\users\clay\documents\school\2017-2018\ap computer science\projects\unit 10\fulllife-therpg-sdk2013\sp\src\utils\captioncompiler\captioncompiler.vpc.sentinel
c:\users\clay\documents\github\fulllife-therpg-sdk2013\sp\src\utils\captioncompiler\release\captioncompiler.exe
c:\users\clay\documents\github\fulllife-therpg-sdk2013\sp\src\utils\captioncompiler\release\captioncompiler.pdb
c:\users\clay\documents\github\fulllife-therpg-sdk2013\sp\src\utils\captioncompiler\release\captioncompiler.obj
c:\users\clay\documents\github\fulllife-therpg-sdk2013\sp\src\utils\captioncompiler\release\cmdlib.obj
c:\users\clay\documents\github\fulllife-therpg-sdk2013\sp\src\utils\captioncompiler\release\compiledcaptionswap.obj
c:\users\clay\documents\github\fulllife-therpg-sdk2013\sp\src\utils\captioncompiler\release\filesystem_helpers.obj
c:\users\clay\documents\github\fulllife-therpg-sdk2013\sp\src\utils\captioncompiler\release\filesystem_init.obj
c:\users\clay\documents\github\fulllife-therpg-sdk2013\sp\src\utils\captioncompiler\release\filesystem_tools.obj
c:\users\clay\documents\github\fulllife-therpg-sdk2013\sp\src\utils\captioncompiler\release\memoverride.obj
c:\users\clay\documents\github\fulllife-therpg-sdk2013\sp\src\utils\captioncompiler\release\pacifier.obj
c:\users\clay\documents\github\fulllife-therpg-sdk2013\sp\src\utils\captioncompiler\release\scriplib.obj
c:\users\clay\documents\github\fulllife-therpg-sdk2013\sp\src\utils\captioncompiler\release\stringregistry.obj
c:\users\clay\documents\github\fulllife-therpg-sdk2013\sp\src\utils\captioncompiler\release\captioncompiler.tlog\captioncompiler.write.1u.tlog
c:\users\clay\documents\github\fulllife-therpg-sdk2013\sp\src\utils\captioncompiler\release\captioncompiler.tlog\cl.command.1.tlog
c:\users\clay\documents\github\fulllife-therpg-sdk2013\sp\src\utils\captioncompiler\release\captioncompiler.tlog\cl.read.1.tlog
c:\users\clay\documents\github\fulllife-therpg-sdk2013\sp\src\utils\captioncompiler\release\captioncompiler.tlog\cl.write.1.tlog
c:\users\clay\documents\github\fulllife-therpg-sdk2013\sp\src\utils\captioncompiler\release\captioncompiler.tlog\custombuild.command.1.tlog
c:\users\clay\documents\github\fulllife-therpg-sdk2013\sp\src\utils\captioncompiler\release\captioncompiler.tlog\custombuild.read.1.tlog
c:\users\clay\documents\github\fulllife-therpg-sdk2013\sp\src\utils\captioncompiler\release\captioncompiler.tlog\custombuild.write.1.tlog
c:\users\clay\documents\github\fulllife-therpg-sdk2013\sp\src\utils\captioncompiler\release\captioncompiler.tlog\link.command.1.tlog
c:\users\clay\documents\github\fulllife-therpg-sdk2013\sp\src\utils\captioncompiler\release\captioncompiler.tlog\link.read.1.tlog
c:\users\clay\documents\github\fulllife-therpg-sdk2013\sp\src\utils\captioncompiler\release\captioncompiler.tlog\link.write.1.tlog
