<<<<<<< HEAD
<<<<<<< HEAD
﻿Build started 5/31/2018 11:58:31 PM.
     1>Project "C:\Users\Zane\Documents\GitHub\Full-Life-The-RPG-Source-SDK-2013-\sp\src\utils\vvis\vvis_dll.vcxproj" on node 4 (Rebuild target(s)).
=======
﻿Build started 2018-05-31 23:35:37.
     1>Project "C:\Users\Clay\Documents\GitHub\FullLife-TheRPG-SDK2013\sp\src\utils\vvis\vvis_dll.vcxproj" on node 4 (Rebuild target(s)).
>>>>>>> cd248c7fdaa49abadfa61e9480cfc8dd5d536010
=======
﻿Build started 2018-05-29 16:33:13.
     1>Project "C:\Users\Clay\Documents\GitHub\FullLife-TheRPG-SDK2013\sp\src\utils\vvis\vvis_dll.vcxproj" on node 4 (Rebuild target(s)).
>>>>>>> parent of 728da1f... Added Weapon files for magic blast
     1>PreBuildEvent:
         if EXIST ..\..\..\game\bin\.\vvis_dll.dll for /f "delims=" %%A in ('attrib "..\..\..\game\bin\.\vvis_dll.dll"') do set valveTmpIsReadOnly="%%A"
         set valveTmpIsReadOnlyLetter=%valveTmpIsReadOnly:~6,1%
         if "%valveTmpIsReadOnlyLetter%"=="R" del /q "C:\Users\Clay\Documents\GitHub\FullLife-TheRPG-SDK2013\sp\src\utils\vvis\Debug\"vvis_dll.dll
         if exist "..\..\devtools\bin\vpc.exe" "..\..\devtools\bin\vpc.exe" -crc2 "vvis_dll.vcxproj"
         if ERRORLEVEL 1 exit /b 1
         
         :VCEnd
       CustomBuild:
<<<<<<< HEAD
         Compiling pointeroverride.asm
          Assembling: C:\Users\Clay\Documents\GitHub\FullLife-TheRPG-SDK2013\sp\src\public\tier0\pointeroverride.asm
         Microsoft (R) Macro Assembler Version 12.00.40629.0
         Copyright (C) Microsoft Corporation.  All rights reserved.
         
<<<<<<< HEAD
          Assembling: C:\Users\Zane\Documents\GitHub\Full-Life-The-RPG-Source-SDK-2013-\sp\src\public\tier0\pointeroverride.asm
=======
         Microsoft (R) Macro Assembler Version 12.00.40629.0
         Copyright (C) Microsoft Corporation.  All rights reserved.
         
         Compiling pointeroverride.asm
          Assembling: C:\Users\Clay\Documents\GitHub\FullLife-TheRPG-SDK2013\sp\src\public\tier0\pointeroverride.asm
>>>>>>> cd248c7fdaa49abadfa61e9480cfc8dd5d536010
=======
>>>>>>> parent of 728da1f... Added Weapon files for magic blast
         Running VPC CRC Check - vvis_dll.vpc
       ClCompile:
         C:\Program Files (x86)\Microsoft Visual Studio 12.0\VC\bin\CL.exe /c /I..\..\common /I..\..\public /I..\..\public\tier0 /I..\..\public\tier1 /I..\common /I..\vmpi /I..\vmpi\mysql\include /ZI /nologo /W4 /WX /MP /Od /Oy- /D VPC /D RAD_TELEMETRY_DISABLED /D _HAS_ITERATOR_DEBUGGING=0 /D WIN32 /D _WIN32 /D _DEBUG /D DEBUG /D _WINDOWS /D _USRDLL /D _CRT_SECURE_NO_DEPRECATE /D _CRT_NONSTDC_NO_DEPRECATE /D _ALLOW_RUNTIME_LIBRARY_MISMATCH /D _ALLOW_ITERATOR_DEBUG_LEVEL_MISMATCH /D _ALLOW_MSC_VER_MISMATCH /D _USING_V110_SDK71_ /D _WINDLL /D _MBCS /D COMPILER_MSVC32 /D COMPILER_MSVC32 /D COMPILER_MSVC /D _DLL_EXT=.dll /D DLLNAME=vvis_dll /D BINK_VIDEO /D AVI_VIDEO /D WMV_VIDEO /D DEV_BUILD /D FRAME_POINTER_OMISSION_DISABLED /D MPI /D PROTECTED_THINGS_DISABLE /D _EXTERNAL_DLL_EXT=.dll /D VPCGAMECAPS=VALVE /D "PROJECTDIR=C:\Users\Clay\Documents\GitHub\FullLife-TheRPG-SDK2013\sp\src\utils\vvis" /D _DLL_EXT=.dll /D VPCGAME=valve /D SOURCE1=1 /GF /Gm- /MTd /GS /arch:SSE /fp:fast /Zc:wchar_t /Zc:forScope /GR /Fo".\Debug\.\/" /Fd".\Debug\.\/vc120.pdb" /Gd /TP /wd4316 /analyze- /FC /errorReport:prompt /Zm200 /Gw ..\common\bsplib.cpp ..\common\cmdlib.cpp ..\..\public\collisionutils.cpp ..\..\public\filesystem_helpers.cpp flow.cpp ..\..\public\loadcmdline.cpp ..\..\public\lumpfiles.cpp ..\common\mpi_stats.cpp mpivis.cpp ..\common\MySqlDatabase.cpp ..\common\pacifier.cpp ..\..\public\scratchpad3d.cpp ..\common\scratchpad_helpers.cpp ..\common\scriplib.cpp ..\common\threads.cpp ..\common\tools_minidump.cpp ..\common\vmpi_tools_shared.cpp vvis.cpp WaterDist.cpp ..\..\public\zip_utils.cpp
         bsplib.cpp
         cmdlib.cpp
         collisionutils.cpp
         filesystem_helpers.cpp
         flow.cpp
         loadcmdline.cpp
         lumpfiles.cpp
         mpi_stats.cpp
         mpivis.cpp
         MySqlDatabase.cpp
         pacifier.cpp
         scratchpad3d.cpp
         scratchpad_helpers.cpp
         scriplib.cpp
         threads.cpp
         tools_minidump.cpp
         vmpi_tools_shared.cpp
         vvis.cpp
         WaterDist.cpp
         zip_utils.cpp
       Link:
         C:\Program Files (x86)\Microsoft Visual Studio 12.0\VC\bin\link.exe /ERRORREPORT:PROMPT /OUT:".\Debug\.\\vvis_dll.dll" /INCREMENTAL /NOLOGO /LIBPATH:..\..\lib\common\. /LIBPATH:..\..\lib\public\. shell32.lib user32.lib advapi32.lib gdi32.lib comdlg32.lib ole32.lib odbc32.lib odbccp32.lib ws2_32.lib /NODEFAULTLIB:libc /NODEFAULTLIB:libcd /NODEFAULTLIB:libcmt /MANIFEST:NO /DEBUG /PDB:".\Debug\.\/vvis_dll.pdb" /SUBSYSTEM:WINDOWS,"5.01" /TLBID:1 /DYNAMICBASE:NO /NXCOMPAT /IMPLIB:".\Debug\.\vvis_dll.lib" /MACHINE:X86 /SAFESEH:NO  /ignore:4221 /DLL .\Debug\.\\pointeroverride.obj
         .\Debug\.\/bsplib.obj
         .\Debug\.\/cmdlib.obj
         .\Debug\.\/collisionutils.obj
         .\Debug\.\/filesystem_helpers.obj
         .\Debug\.\/flow.obj
         .\Debug\.\/loadcmdline.obj
         .\Debug\.\/lumpfiles.obj
         .\Debug\.\/mpi_stats.obj
         .\Debug\.\/mpivis.obj
         .\Debug\.\/MySqlDatabase.obj
         .\Debug\.\/pacifier.obj
         .\Debug\.\/scratchpad3d.obj
         .\Debug\.\/scratchpad_helpers.obj
         .\Debug\.\/scriplib.obj
         .\Debug\.\/threads.obj
         .\Debug\.\/tools_minidump.obj
         .\Debug\.\/vmpi_tools_shared.obj
         .\Debug\.\/vvis.obj
         .\Debug\.\/WaterDist.obj
         .\Debug\.\/zip_utils.obj
         ..\..\lib\public\mathlib.lib
         ..\..\lib\public\tier0.lib
         ..\..\lib\public\tier1.lib
         ..\..\lib\public\tier2.lib
         ..\..\lib\public\vmpi.lib
         ..\..\lib\public\vstdlib.lib
            Creating library .\Debug\.\vvis_dll.lib and object .\Debug\.\vvis_dll.exp
         vvis_dll.vcxproj -> C:\Users\Clay\Documents\GitHub\FullLife-TheRPG-SDK2013\sp\src\utils\vvis\.\Debug\.\vvis_dll.dll
       PostBuildEvent:
         if not exist "..\..\..\game\bin\." mkdir "..\..\..\game\bin\."
         copy "C:\Users\Clay\Documents\GitHub\FullLife-TheRPG-SDK2013\sp\src\utils\vvis\Debug\vvis_dll.dll" "..\..\..\game\bin\.\vvis_dll.dll"
         if ERRORLEVEL 1 goto BuildEventFailed
         if exist "C:\Users\Clay\Documents\GitHub\FullLife-TheRPG-SDK2013\sp\src\utils\vvis\Debug\vvis_dll.map" copy "C:\Users\Clay\Documents\GitHub\FullLife-TheRPG-SDK2013\sp\src\utils\vvis\Debug\vvis_dll.map" ..\..\..\game\bin\.\vvis_dll.map
         copy "C:\Users\Clay\Documents\GitHub\FullLife-TheRPG-SDK2013\sp\src\utils\vvis\Debug\vvis_dll.pdb" ..\..\..\game\bin\.\vvis_dll.pdb
         if ERRORLEVEL 1 goto BuildEventFailed
         goto BuildEventOK
         :BuildEventFailed
         echo *** ERROR! PostBuildStep FAILED for Vvis_dll! EXE or DLL is probably running. ***
         del /q "C:\Users\Clay\Documents\GitHub\FullLife-TheRPG-SDK2013\sp\src\utils\vvis\Debug\vvis_dll.dll"
         exit 1
         :BuildEventOK
         
         :VCEnd
                 1 file(s) copied.
                 1 file(s) copied.
     1>Done Building Project "C:\Users\Clay\Documents\GitHub\FullLife-TheRPG-SDK2013\sp\src\utils\vvis\vvis_dll.vcxproj" (Rebuild target(s)).

Build succeeded.

<<<<<<< HEAD
<<<<<<< HEAD
Time Elapsed 00:00:19.17
=======
Time Elapsed 00:00:20.04
>>>>>>> cd248c7fdaa49abadfa61e9480cfc8dd5d536010
=======
Time Elapsed 00:00:11.19
>>>>>>> parent of 728da1f... Added Weapon files for magic blast
