c:\users\clay\documents\github\fulllife-therpg-sdk2013\sp\src\utils\qc_eyes\debug\qc_eyes.pch
c:\users\clay\documents\github\fulllife-therpg-sdk2013\sp\src\utils\qc_eyes\debug\vc120.pdb
c:\users\clay\documents\github\fulllife-therpg-sdk2013\sp\src\utils\qc_eyes\debug\vc120.idb
c:\users\clay\documents\github\fulllife-therpg-sdk2013\sp\src\utils\qc_eyes\debug\stdafx.obj
c:\users\clay\documents\github\fulllife-therpg-sdk2013\sp\src\utils\qc_eyes\debug\qc_eyes.obj
c:\users\clay\documents\github\fulllife-therpg-sdk2013\sp\src\utils\qc_eyes\debug\qc_eyesdlg.obj
c:\users\clay\documents\github\fulllife-therpg-sdk2013\sp\src\utils\qc_eyes\debug\pointeroverride.obj
c:\users\clay\documents\github\fulllife-therpg-sdk2013\sp\src\utils\qc_eyes\qc_eyes.vpc.sentinel
c:\users\clay\documents\github\fulllife-therpg-sdk2013\sp\src\utils\qc_eyes\debug\qc_eyes.ilk
c:\users\clay\documents\github\fulllife-therpg-sdk2013\sp\src\utils\qc_eyes\debug\qc_eyes.exe
c:\users\clay\documents\github\fulllife-therpg-sdk2013\sp\src\utils\qc_eyes\debug\qc_eyes.pdb
c:\users\clay\documents\github\fulllife-therpg-sdk2013\sp\src\utils\qc_eyes\debug\qc_eyes.res
c:\users\clay\documents\github\fulllife-therpg-sdk2013\sp\src\utils\qc_eyes\.\debug\.\qc_eyes.exe
c:\users\clay\documents\github\fulllife-therpg-sdk2013\sp\src\utils\qc_eyes\debug\qc_eyes.tlog\cl.command.1.tlog
c:\users\clay\documents\github\fulllife-therpg-sdk2013\sp\src\utils\qc_eyes\debug\qc_eyes.tlog\cl.read.1.tlog
c:\users\clay\documents\github\fulllife-therpg-sdk2013\sp\src\utils\qc_eyes\debug\qc_eyes.tlog\cl.write.1.tlog
c:\users\clay\documents\github\fulllife-therpg-sdk2013\sp\src\utils\qc_eyes\debug\qc_eyes.tlog\custombuild.command.1.tlog
c:\users\clay\documents\github\fulllife-therpg-sdk2013\sp\src\utils\qc_eyes\debug\qc_eyes.tlog\custombuild.read.1.tlog
c:\users\clay\documents\github\fulllife-therpg-sdk2013\sp\src\utils\qc_eyes\debug\qc_eyes.tlog\custombuild.write.1.tlog
c:\users\clay\documents\github\fulllife-therpg-sdk2013\sp\src\utils\qc_eyes\debug\qc_eyes.tlog\link.command.1.tlog
c:\users\clay\documents\github\fulllife-therpg-sdk2013\sp\src\utils\qc_eyes\debug\qc_eyes.tlog\link.read.1.tlog
c:\users\clay\documents\github\fulllife-therpg-sdk2013\sp\src\utils\qc_eyes\debug\qc_eyes.tlog\link.write.1.tlog
c:\users\clay\documents\github\fulllife-therpg-sdk2013\sp\src\utils\qc_eyes\debug\qc_eyes.tlog\rc.command.1.tlog
c:\users\clay\documents\github\fulllife-therpg-sdk2013\sp\src\utils\qc_eyes\debug\qc_eyes.tlog\rc.read.1.tlog
c:\users\clay\documents\github\fulllife-therpg-sdk2013\sp\src\utils\qc_eyes\debug\qc_eyes.tlog\rc.write.1.tlog
