<<<<<<< HEAD
﻿Build started 5/31/2018 11:50:09 PM.
     1>Project "C:\Users\Zane\Documents\GitHub\Full-Life-The-RPG-Source-SDK-2013-\sp\src\utils\qc_eyes\qc_eyes.vcxproj" on node 4 (Rebuild target(s)).
=======
﻿Build started 2018-05-31 23:26:34.
     1>Project "C:\Users\Clay\Documents\GitHub\FullLife-TheRPG-SDK2013\sp\src\utils\qc_eyes\qc_eyes.vcxproj" on node 3 (Rebuild target(s)).
>>>>>>> cd248c7fdaa49abadfa61e9480cfc8dd5d536010
     1>PreBuildEvent:
         if EXIST ..\..\..\game\bin\.\qc_eyes.exe for /f "delims=" %%A in ('attrib "..\..\..\game\bin\.\qc_eyes.exe"') do set valveTmpIsReadOnly="%%A"
         set valveTmpIsReadOnlyLetter=%valveTmpIsReadOnly:~6,1%
         if "%valveTmpIsReadOnlyLetter%"=="R" del /q "C:\Users\Zane\Documents\GitHub\Full-Life-The-RPG-Source-SDK-2013-\sp\src\utils\qc_eyes\Debug\"qc_eyes.exe
         if exist "..\..\devtools\bin\vpc.exe" "..\..\devtools\bin\vpc.exe" -crc2 "qc_eyes.vcxproj"
         if ERRORLEVEL 1 exit /b 1
         
         :VCEnd
       CustomBuild:
         Compiling pointeroverride.asm
          Assembling: C:\Users\Zane\Documents\GitHub\Full-Life-The-RPG-Source-SDK-2013-\sp\src\public\tier0\pointeroverride.asm
         Microsoft (R) Macro Assembler Version 12.00.40629.0
         Copyright (C) Microsoft Corporation.  All rights reserved.
         
         Running VPC CRC Check - qc_eyes.vpc
       ClCompile:
         C:\Program Files (x86)\Microsoft Visual Studio 12.0\VC\bin\CL.exe /c /I..\..\common /I..\..\public /I..\..\public\tier0 /I..\..\public\tier1 /ZI /nologo /W4 /WX- /MP /Od /Oy- /D VPC /D RAD_TELEMETRY_DISABLED /D _HAS_ITERATOR_DEBUGGING=0 /D WIN32 /D _WIN32 /D _DEBUG /D DEBUG /D _WINDOWS /D _CRT_SECURE_NO_DEPRECATE /D _CRT_NONSTDC_NO_DEPRECATE /D _ALLOW_RUNTIME_LIBRARY_MISMATCH /D _ALLOW_ITERATOR_DEBUG_LEVEL_MISMATCH /D _ALLOW_MSC_VER_MISMATCH /D _USING_V110_SDK71_ /D _MBCS /D COMPILER_MSVC32 /D COMPILER_MSVC32 /D COMPILER_MSVC /D EXENAME=qc_eyes /D _DLL_EXT=.dll /D BINK_VIDEO /D AVI_VIDEO /D WMV_VIDEO /D DEV_BUILD /D FRAME_POINTER_OMISSION_DISABLED /D NO_WARN_MBCS_MFC_DEPRECATION /D _EXTERNAL_DLL_EXT=.dll /D VPCGAMECAPS=VALVE /D "PROJECTDIR=C:\Users\Zane\Documents\GitHub\Full-Life-The-RPG-Source-SDK-2013-\sp\src\utils\qc_eyes" /D _DLL_EXT=.dll /D SOURCE1=1 /D VPCGAME=valve /GF /Gm- /EHsc /MD /GS /arch:SSE /fp:fast /Zc:wchar_t /Zc:forScope /GR /openmp- /Yc"stdafx.h" /Fp"Debug/QC_Eyes.pch" /Fo".\Debug\.\/" /Fd".\Debug\.\/vc120.pdb" /Gd /TP /wd4316 /analyze- /FC /errorReport:prompt  /Gw StdAfx.cpp
         StdAfx.cpp
     1>c:\program files (x86)\microsoft visual studio 12.0\vc\atlmfc\include\afx.h(24): fatal error C1189: #error :  Building MFC application with /MD[d] (CRT dll version) requires MFC shared dll version. Please #define _AFXDLL or do not use /MD[d]
     1>Done Building Project "C:\Users\Zane\Documents\GitHub\Full-Life-The-RPG-Source-SDK-2013-\sp\src\utils\qc_eyes\qc_eyes.vcxproj" (Rebuild target(s)) -- FAILED.

Build FAILED.

<<<<<<< HEAD
Time Elapsed 00:00:01.50
=======
Time Elapsed 00:00:20.45
>>>>>>> cd248c7fdaa49abadfa61e9480cfc8dd5d536010
