<<<<<<< HEAD
﻿Build started 5/31/2018 11:50:50 PM.
     1>Project "C:\Users\Zane\Documents\GitHub\Full-Life-The-RPG-Source-SDK-2013-\sp\src\utils\height2normal\height2normal.vcxproj" on node 3 (Rebuild target(s)).
=======
﻿Build started 2018-05-31 23:27:27.
     1>Project "C:\Users\Clay\Documents\GitHub\FullLife-TheRPG-SDK2013\sp\src\utils\height2normal\height2normal.vcxproj" on node 4 (Rebuild target(s)).
>>>>>>> cd248c7fdaa49abadfa61e9480cfc8dd5d536010
     1>PreBuildEvent:
         if EXIST ..\..\..\game\bin\.\height2normal.exe for /f "delims=" %%A in ('attrib "..\..\..\game\bin\.\height2normal.exe"') do set valveTmpIsReadOnly="%%A"
         set valveTmpIsReadOnlyLetter=%valveTmpIsReadOnly:~6,1%
         if "%valveTmpIsReadOnlyLetter%"=="R" del /q "C:\Users\Zane\Documents\GitHub\Full-Life-The-RPG-Source-SDK-2013-\sp\src\utils\height2normal\Debug\"height2normal.exe
         if exist "..\..\devtools\bin\vpc.exe" "..\..\devtools\bin\vpc.exe" -crc2 "height2normal.vcxproj"
         if ERRORLEVEL 1 exit /b 1
         
         :VCEnd
       CustomBuild:
         Compiling pointeroverride.asm
          Assembling: C:\Users\Zane\Documents\GitHub\Full-Life-The-RPG-Source-SDK-2013-\sp\src\public\tier0\pointeroverride.asm
         Microsoft (R) Macro Assembler Version 12.00.40629.0
         Copyright (C) Microsoft Corporation.  All rights reserved.
         
         Running VPC CRC Check - height2normal.vpc
       ClCompile:
         C:\Program Files (x86)\Microsoft Visual Studio 12.0\VC\bin\CL.exe /c /I..\..\common /I..\..\public /I..\..\public\tier0 /I..\..\public\tier1 /I..\common /ZI /nologo /W4 /WX- /MP /Od /Oy- /D _HAS_ITERATOR_DEBUGGING=0 /D _WIN32 /D _CONSOLE /D _ALLOW_RUNTIME_LIBRARY_MISMATCH /D _ALLOW_ITERATOR_DEBUG_LEVEL_MISMATCH /D _ALLOW_MSC_VER_MISMATCH /D _USING_V110_SDK71_ /D _MBCS /D _EXTERNAL_DLL_EXT=.dll /D VPCGAMECAPS=VALVE /D "PROJECTDIR=C:\Users\Zane\Documents\GitHub\Full-Life-The-RPG-Source-SDK-2013-\sp\src\utils\height2normal" /D _DLL_EXT=.dll /D VPCGAME=valve /D SOURCE1=1 /GF /Gm- /MTd /GS /arch:SSE /fp:fast /Zc:wchar_t /Zc:forScope /GR /openmp- /Fo".\Debug\.\/" /Fd".\Debug\.\/vc120.pdb" /Gd /TP /wd4316 /analyze- /FC /errorReport:prompt  /Gw height2normal.cpp
         height2normal.cpp
       Link:
         C:\Program Files (x86)\Microsoft Visual Studio 12.0\VC\bin\link.exe /ERRORREPORT:PROMPT /OUT:".\Debug\.\\height2normal.exe" /INCREMENTAL /NOLOGO shell32.lib user32.lib advapi32.lib gdi32.lib comdlg32.lib ole32.lib /NODEFAULTLIB:libc /NODEFAULTLIB:libcd /NODEFAULTLIB:libcmt /MANIFEST /MANIFESTUAC:"level='asInvoker' uiAccess='false'" /manifest:embed /DEBUG /PDB:".\Debug\.\/height2normal.pdb" /SUBSYSTEM:CONSOLE,"5.01" /TLBID:1 /DYNAMICBASE:NO /NXCOMPAT /IMPLIB:".\Debug\.\height2normal.lib" /MACHINE:X86 /SAFESEH:NO /NXCOMPAT /ignore:4221 .\Debug\.\\pointeroverride.obj
         .\Debug\.\/height2normal.obj
         ..\..\lib\public\bitmap.lib
         ..\..\lib\public\mathlib.lib
         ..\..\lib\public\tier0.lib
         ..\..\lib\public\tier1.lib
         ..\..\lib\public\tier2.lib
         ..\..\lib\public\vstdlib.lib
            Creating library .\Debug\.\height2normal.lib and object .\Debug\.\height2normal.exp
         height2normal.vcxproj -> C:\Users\Zane\Documents\GitHub\Full-Life-The-RPG-Source-SDK-2013-\sp\src\utils\height2normal\.\Debug\.\height2normal.exe
       PostBuildEvent:
         copy "C:\Users\Zane\Documents\GitHub\Full-Life-The-RPG-Source-SDK-2013-\sp\src\utils\height2normal\Debug\"height2normal.exe ..\..\..\game\bin\.\height2normal.exe >nul
         if ERRORLEVEL 1 goto BuildEventFailed
         if exist "C:\Users\Zane\Documents\GitHub\Full-Life-The-RPG-Source-SDK-2013-\sp\src\utils\height2normal\Debug\"height2normal.map copy "C:\Users\Zane\Documents\GitHub\Full-Life-The-RPG-Source-SDK-2013-\sp\src\utils\height2normal\Debug\"height2normal.map ..\..\..\game\bin\.\height2normal.map >nul
         copy "C:\Users\Zane\Documents\GitHub\Full-Life-The-RPG-Source-SDK-2013-\sp\src\utils\height2normal\Debug\"height2normal.pdb ..\..\..\game\bin\.\height2normal.pdb >nul
         if ERRORLEVEL 1 goto BuildEventFailed
         goto BuildEventOK
         :BuildEventFailed
         echo *** ERROR! PostBuildStep FAILED for Height2normal! EXE or DLL is probably running. ***
         del /q "C:\Users\Zane\Documents\GitHub\Full-Life-The-RPG-Source-SDK-2013-\sp\src\utils\height2normal\Debug\"height2normal.exe
         exit 1
         :BuildEventOK
         
         :VCEnd
     1>Done Building Project "C:\Users\Zane\Documents\GitHub\Full-Life-The-RPG-Source-SDK-2013-\sp\src\utils\height2normal\height2normal.vcxproj" (Rebuild target(s)).

Build succeeded.

<<<<<<< HEAD
Time Elapsed 00:00:08.02
=======
Time Elapsed 00:00:05.58
>>>>>>> cd248c7fdaa49abadfa61e9480cfc8dd5d536010
