Build started 2018-05-29 16:27:15.
     1>Project "C:\Users\Clay\Documents\GitHub\FullLife-TheRPG-SDK2013\sp\src\utils\phonemeextractor\phonemeextractor.vcxproj" on node 3 (Rebuild target(s)).
     1>PreBuildEvent:
         if EXIST ..\..\..\game\bin\phonemeextractors\.\phonemeextractor.dll for /f "delims=" %%A in ('attrib "..\..\..\game\bin\phonemeextractors\.\phonemeextractor.dll"') do set valveTmpIsReadOnly="%%A"
         set valveTmpIsReadOnlyLetter=%valveTmpIsReadOnly:~6,1%
         if "%valveTmpIsReadOnlyLetter%"=="R" del /q "C:\Users\Clay\Documents\GitHub\FullLife-TheRPG-SDK2013\sp\src\utils\phonemeextractor\Debug\"phonemeextractor.dll
         if exist "..\..\devtools\bin\vpc.exe" "..\..\devtools\bin\vpc.exe" -crc2 "phonemeextractor.vcxproj"
         if ERRORLEVEL 1 exit /b 1
         
         :VCEnd
       CustomBuild:
         Compiling pointeroverride.asm
          Assembling: C:\Users\Clay\Documents\GitHub\FullLife-TheRPG-SDK2013\sp\src\public\tier0\pointeroverride.asm
         Microsoft (R) Macro Assembler Version 12.00.40629.0
         Copyright (C) Microsoft Corporation.  All rights reserved.
         
         Running VPC CRC Check - phonemeextractor.vpc
       ClCompile:
         C:\Program Files (x86)\Microsoft Visual Studio 12.0\VC\bin\CL.exe /c /I..\..\common /I..\..\public /I..\..\public\tier0 /I..\..\public\tier1 /I../common /I../hlfaceposer /I../sapi51/include /ZI /nologo /W4 /WX /MP /Od /Oy- /D VPC /D RAD_TELEMETRY_DISABLED /D _HAS_ITERATOR_DEBUGGING=0 /D WIN32 /D _WIN32 /D _DEBUG /D DEBUG /D _WINDOWS /D _USRDLL /D _CRT_SECURE_NO_DEPRECATE /D _CRT_NONSTDC_NO_DEPRECATE /D _ALLOW_RUNTIME_LIBRARY_MISMATCH /D _ALLOW_ITERATOR_DEBUG_LEVEL_MISMATCH /D _ALLOW_MSC_VER_MISMATCH /D _USING_V110_SDK71_ /D _WINDLL /D _MBCS /D COMPILER_MSVC32 /D COMPILER_MSVC32 /D COMPILER_MSVC /D _DLL_EXT=.dll /D DLLNAME=phonemeextractor /D BINK_VIDEO /D AVI_VIDEO /D WMV_VIDEO /D DEV_BUILD /D FRAME_POINTER_OMISSION_DISABLED /D PHONEMEEXTRACTOR_EXPORTS /D _EXTERNAL_DLL_EXT=.dll /D VPCGAMECAPS=VALVE /D "PROJECTDIR=C:\Users\Clay\Documents\GitHub\FullLife-TheRPG-SDK2013\sp\src\utils\phonemeextractor" /D _DLL_EXT=.dll /D SOURCE1=1 /D VPCGAME=valve /GF /Gm- /MTd /GS /arch:SSE /fp:fast /Zc:wchar_t /Zc:forScope /GR /Fo".\Debug\.\/" /Fd".\Debug\.\/vc120.pdb" /Gd /TP /wd4316 /analyze- /FC /errorReport:prompt /Zm200 /Gw /wd4995 extractor_utils.cpp ..\..\public\tier0\memoverride.cpp ..\..\public\phonemeconverter.cpp phonemeextractor.cpp ..\..\public\sentence.cpp
         extractor_utils.cpp
         memoverride.cpp
         phonemeconverter.cpp
         phonemeextractor.cpp
         sentence.cpp
       Link:
         C:\Program Files (x86)\Microsoft Visual Studio 12.0\VC\bin\link.exe /ERRORREPORT:PROMPT /OUT:".\Debug\.\\phonemeextractor.dll" /INCREMENTAL /NOLOGO /LIBPATH:..\..\lib\common\. /LIBPATH:..\..\lib\public\. shell32.lib user32.lib advapi32.lib gdi32.lib comdlg32.lib ole32.lib odbc32.lib odbccp32.lib /NODEFAULTLIB:libc /NODEFAULTLIB:libcd /NODEFAULTLIB:libcmt /MANIFEST:NO /DEBUG /PDB:".\Debug\.\/phonemeextractor.pdb" /SUBSYSTEM:WINDOWS,"5.01" /TLBID:1 /DYNAMICBASE:NO /NXCOMPAT /IMPLIB:".\Debug\.\phonemeextractor.lib" /MACHINE:X86 /SAFESEH:NO  /ignore:4221 /DLL .\Debug\.\\pointeroverride.obj
         .\Debug\.\/extractor_utils.obj
         .\Debug\.\/memoverride.obj
         .\Debug\.\/phonemeconverter.obj
         .\Debug\.\/phonemeextractor.obj
         .\Debug\.\/sentence.obj
         ..\..\lib\public\mathlib.lib
         ..\sapi51\lib\i386\sapi.lib
         ..\..\lib\public\tier0.lib
         ..\..\lib\public\tier1.lib
         ..\..\lib\public\vstdlib.lib
            Creating library .\Debug\.\phonemeextractor.lib and object .\Debug\.\phonemeextractor.exp
         phonemeextractor.vcxproj -> C:\Users\Clay\Documents\GitHub\FullLife-TheRPG-SDK2013\sp\src\utils\phonemeextractor\.\Debug\.\phonemeextractor.dll
       PostBuildEvent:
         if not exist "..\..\..\game\bin\phonemeextractors\." mkdir "..\..\..\game\bin\phonemeextractors\."
         copy "C:\Users\Clay\Documents\GitHub\FullLife-TheRPG-SDK2013\sp\src\utils\phonemeextractor\Debug\phonemeextractor.dll" "..\..\..\game\bin\phonemeextractors\.\phonemeextractor.dll"
         if ERRORLEVEL 1 goto BuildEventFailed
         if exist "C:\Users\Clay\Documents\GitHub\FullLife-TheRPG-SDK2013\sp\src\utils\phonemeextractor\Debug\phonemeextractor.map" copy "C:\Users\Clay\Documents\GitHub\FullLife-TheRPG-SDK2013\sp\src\utils\phonemeextractor\Debug\phonemeextractor.map" ..\..\..\game\bin\phonemeextractors\.\phonemeextractor.map
         copy "C:\Users\Clay\Documents\GitHub\FullLife-TheRPG-SDK2013\sp\src\utils\phonemeextractor\Debug\phonemeextractor.pdb" ..\..\..\game\bin\phonemeextractors\.\phonemeextractor.pdb
         if ERRORLEVEL 1 goto BuildEventFailed
         goto BuildEventOK
         :BuildEventFailed
         echo *** ERROR! PostBuildStep FAILED for Phonemeextractor! EXE or DLL is probably running. ***
         del /q "C:\Users\Clay\Documents\GitHub\FullLife-TheRPG-SDK2013\sp\src\utils\phonemeextractor\Debug\phonemeextractor.dll"
         exit 1
         :BuildEventOK
         
         :VCEnd
                 1 file(s) copied.
                 1 file(s) copied.
     1>Done Building Project "C:\Users\Clay\Documents\GitHub\FullLife-TheRPG-SDK2013\sp\src\utils\phonemeextractor\phonemeextractor.vcxproj" (Rebuild target(s)).

Build succeeded.

Time Elapsed 00:00:07.31
